\BOOKMARK [-1][-]{part.1}{I\040Blog\040Posts}{}% 1
\BOOKMARK [0][-]{chapter.1}{Are\040We\040Undercounting\040Global\040Methane\040Emissions?\040\(No\040Code\040Example\)}{part.1}% 2
\BOOKMARK [1][-]{section.1.1}{How\040are\040Rice\040Paddy\040Emissions\040Measured?}{chapter.1}% 3
\BOOKMARK [1][-]{section.1.2}{Differences\040between\040FAOSTAT\040and\040TRACE\040Estimates.}{chapter.1}% 4
\BOOKMARK [2][-]{subsection.1.2.1}{Data\040Review}{section.1.2}% 5
\BOOKMARK [2][-]{subsection.1.2.2}{Methane\040Emissions\040Data\0402015\040-\0402019}{section.1.2}% 6
\BOOKMARK [3][-]{subsubsection*.3}{Methane\040Emissions\040Insights}{subsection.1.2.2}% 7
\BOOKMARK [2][-]{subsection.1.2.3}{Major\040Differences\040Between\040FAOSTAT\040and\040TRACE\040for\040Certain\040Countries}{section.1.2}% 8
\BOOKMARK [2][-]{subsection.1.2.4}{FAOSTAT\040Under\040Estimation\040in\040Brazil\040China,\040India,\040and\040Bangledesh.}{section.1.2}% 9
\BOOKMARK [1][-]{section.1.3}{The\040Case\040for\040Climate\040Trace\040Estimates}{chapter.1}% 10
\BOOKMARK [1][-]{section.1.4}{Estimating\040CO2\040Equivalency}{chapter.1}% 11
\BOOKMARK [2][-]{subsection.1.4.1}{Tonnes\040C02\0402015\040-\0402019\040TRACE\040Estimations}{section.1.4}% 12
\BOOKMARK [3][-]{subsubsection*.4}{CO2\040Data\040Insights}{subsection.1.4.1}% 13
\BOOKMARK [3][-]{subsubsection*.5}{The\040Worst\040Offenders\040are\040the\040Most\040Dependent\040on\040Rice\040Cultivation}{subsection.1.4.1}% 14
\BOOKMARK [1][-]{section.1.5}{Conclusions}{chapter.1}% 15
\BOOKMARK [2][-]{subsection.1.5.1}{FAOSTAT\040Likely\040Undercounts\040Emissions}{section.1.5}% 16
\BOOKMARK [2][-]{subsection.1.5.2}{Countries\040Should\040Attempt\040to\040Reduce\040Methane\040Emssions}{section.1.5}% 17
\BOOKMARK [0][-]{chapter.2}{Are\040We\040Undercounting\040Global\040Methane\040Emissions?\040\(Code\040Example\)}{part.1}% 18
\BOOKMARK [1][-]{section.2.1}{How\040are\040Rice\040Paddy\040Emissions\040Measured?}{chapter.2}% 19
\BOOKMARK [1][-]{section.2.2}{Differences\040between\040FAOSTAT\040and\040TRACE\040Estimates.}{chapter.2}% 20
\BOOKMARK [2][-]{subsection.2.2.1}{Data\040Review}{section.2.2}% 21
\BOOKMARK [2][-]{subsection.2.2.2}{Methane\040Emissions\040Data\0402015\040-\0402019}{section.2.2}% 22
\BOOKMARK [3][-]{subsubsection*.6}{Methane\040Emissions\040Insights}{subsection.2.2.2}% 23
\BOOKMARK [2][-]{subsection.2.2.3}{Major\040Differences\040Between\040FAOSTAT\040and\040TRACE\040for\040Certain\040Countries}{section.2.2}% 24
\BOOKMARK [2][-]{subsection.2.2.4}{FAOSTAT\040Under\040Estimation\040in\040Brazil\040China,\040India,\040and\040Bangledesh.}{section.2.2}% 25
\BOOKMARK [1][-]{section.2.3}{The\040Case\040for\040Climate\040Trace\040Estimates}{chapter.2}% 26
\BOOKMARK [1][-]{section.2.4}{Estimating\040CO2\040Equivalency}{chapter.2}% 27
\BOOKMARK [2][-]{subsection.2.4.1}{Tonnes\040C02\0402015\040-\0402019\040TRACE\040Estimations}{section.2.4}% 28
\BOOKMARK [3][-]{subsubsection*.7}{CO2\040Data\040Insights}{subsection.2.4.1}% 29
\BOOKMARK [3][-]{subsubsection*.8}{The\040Worst\040Offenders\040are\040the\040Most\040Dependent\040on\040Rice\040Cultivation}{subsection.2.4.1}% 30
\BOOKMARK [1][-]{section.2.5}{Conclusions}{chapter.2}% 31
\BOOKMARK [2][-]{subsection.2.5.1}{FAOSTAT\040Likely\040Undercounts\040Emissions}{section.2.5}% 32
\BOOKMARK [2][-]{subsection.2.5.2}{Countries\040Should\040Attempt\040to\040Reduce\040Methane\040Emssions}{section.2.5}% 33
\BOOKMARK [-1][-]{part.2}{II\040Analysis\040of\040The\040University\040of\040Malaysia\040Paper}{}% 34
\BOOKMARK [0][-]{chapter.3}{Replicating\040the\040University\040of\040Malysia\040Paper.}{part.2}% 35
\BOOKMARK [1][-]{section.3.1}{Imports}{chapter.3}% 36
\BOOKMARK [1][-]{section.3.2}{University\040of\040Malaysia\040Data}{chapter.3}% 37
\BOOKMARK [1][-]{section.3.3}{FAOSTAT\040Data\0402019}{chapter.3}% 38
\BOOKMARK [1][-]{section.3.4}{Merging\040Data\040on\040Iso3\040Country\040Code}{chapter.3}% 39
\BOOKMARK [2][-]{subsection.3.4.1}{Calculate\040difference\040in\040Tonnes\040Between\040the\040Estimates}{section.3.4}% 40
\BOOKMARK [2][-]{subsection.3.4.2}{Calculating\040the\040Percent\040Differences\040Between\040the\040Estimates}{section.3.4}% 41
\BOOKMARK [2][-]{subsection.3.4.3}{Tonnes\040CH4\040FAOSTAT\040-\040TRACE\040Plot}{section.3.4}% 42
\BOOKMARK [2][-]{subsection.3.4.4}{Percent\040Difference\040FAOSTAT\040-\040TRACE}{section.3.4}% 43
\BOOKMARK [1][-]{section.3.5}{Recreating\040the\040Malysia\040Paper\040with\0402018\040Data.}{chapter.3}% 44
\BOOKMARK [2][-]{subsection.3.5.1}{University\040of\040Malaysia\040Data}{section.3.5}% 45
\BOOKMARK [1][-]{section.3.6}{FAOSTAT\040Data\0402018}{chapter.3}% 46
\BOOKMARK [2][-]{subsection.3.6.1}{Merging\040Data\040on\040Iso3\040Country\040Code}{section.3.6}% 47
\BOOKMARK [2][-]{subsection.3.6.2}{Calculate\040difference\040in\040Tonnes\040Between\040the\040Estimates}{section.3.6}% 48
\BOOKMARK [2][-]{subsection.3.6.3}{Calculating\040the\040Percent\040Differences\040Between\040the\040Estimates}{section.3.6}% 49
\BOOKMARK [2][-]{subsection.3.6.4}{Tonnes\040CH4\040FAOSTAT\040-\040TRACE\040Plot}{section.3.6}% 50
\BOOKMARK [2][-]{subsection.3.6.5}{Percent\040Difference\040FAOSTAT\040-\040TRACE}{section.3.6}% 51
\BOOKMARK [1][-]{section.3.7}{Recreating\040the\040Malysia\040Paper\040same\040year}{chapter.3}% 52
\BOOKMARK [2][-]{subsection.3.7.1}{University\040of\040Malaysia\040Data}{section.3.7}% 53
\BOOKMARK [1][-]{section.3.8}{FAOSTAT\040Data\0402018}{chapter.3}% 54
\BOOKMARK [2][-]{subsection.3.8.1}{Merging\040Data\040on\040Iso3\040Country\040Code}{section.3.8}% 55
\BOOKMARK [2][-]{subsection.3.8.2}{Calculate\040difference\040in\040Tonnes\040Between\040the\040Estimates}{section.3.8}% 56
\BOOKMARK [2][-]{subsection.3.8.3}{Calculating\040the\040Percent\040Differences\040Between\040the\040Estimates}{section.3.8}% 57
\BOOKMARK [2][-]{subsection.3.8.4}{Tonnes\040CH4\040FAOSTAT\040-\040TRACE\040Plot}{section.3.8}% 58
\BOOKMARK [2][-]{subsection.3.8.5}{Percent\040Difference\040FAOSTAT\040-\040TRACE}{section.3.8}% 59
\BOOKMARK [1][-]{section.3.9}{Impressions}{chapter.3}% 60
\BOOKMARK [0][-]{chapter.4}{Hypothesis\040Testing\040the\040University\040of\040Malaysia\040Paper}{part.2}% 61
\BOOKMARK [1][-]{section.4.1}{Claims}{chapter.4}% 62
\BOOKMARK [1][-]{section.4.2}{What\040will\040be\040testing.}{chapter.4}% 63
\BOOKMARK [1][-]{section.4.3}{Data\040Import}{chapter.4}% 64
\BOOKMARK [2][-]{subsection.4.3.1}{Drop\040total\040row\040from\040the\040data}{section.4.3}% 65
\BOOKMARK [2][-]{subsection.4.3.2}{Test\040for\040Normality:\040Shapiro-Wilk}{section.4.3}% 66
\BOOKMARK [3][-]{subsubsection*.9}{2019}{subsection.4.3.2}% 67
\BOOKMARK [4][-]{paragraph*.10}{Results}{subsubsection*.9}% 68
\BOOKMARK [3][-]{subsubsection*.11}{2020}{subsection.4.3.2}% 69
\BOOKMARK [4][-]{paragraph*.12}{Results}{subsubsection*.11}% 70
\BOOKMARK [2][-]{subsection.4.3.3}{Independence\040of\040Samples.}{section.4.3}% 71
\BOOKMARK [2][-]{subsection.4.3.4}{Distribution\040Similiarity}{section.4.3}% 72
\BOOKMARK [3][-]{subsubsection*.13}{Mann-Whitney\040U\040Test}{subsection.4.3.4}% 73
\BOOKMARK [2][-]{subsection.4.3.5}{Kruskal\040Wallis\040test}{section.4.3}% 74
\BOOKMARK [2][-]{subsection.4.3.6}{Friedman\040Test}{section.4.3}% 75
\BOOKMARK [3][-]{subsubsection*.14}{Results.}{subsection.4.3.6}% 76
\BOOKMARK [-1][-]{part.3}{III\040Data\040Exploration}{}% 77
\BOOKMARK [0][-]{chapter.5}{Emissions\040Estimation\040Data:\040A\040Comparison\040between\040FAOSTAT\040and\040University\040of\040Malysia\040Estimates}{part.3}% 78
\BOOKMARK [1][-]{section.5.1}{Import}{chapter.5}% 79
\BOOKMARK [2][-]{subsection.5.1.1}{Dependencies}{section.5.1}% 80
\BOOKMARK [1][-]{section.5.2}{Exploration\040Plan}{chapter.5}% 81
\BOOKMARK [2][-]{subsection.5.2.1}{Data\040Imports}{section.5.2}% 82
\BOOKMARK [2][-]{subsection.5.2.2}{Import\040Data\040Frames}{section.5.2}% 83
\BOOKMARK [2][-]{subsection.5.2.3}{Experiment\040with\040Plots\040for\040each\040Set}{section.5.2}% 84
\BOOKMARK [2][-]{subsection.5.2.4}{Calculate\040differences\040between\040the\040datasets}{section.5.2}% 85
\BOOKMARK [1][-]{section.5.3}{University\040of\040Malaysia\040Emission\040Estimates}{chapter.5}% 86
\BOOKMARK [2][-]{subsection.5.3.1}{Print\040Df\040Head}{section.5.3}% 87
\BOOKMARK [2][-]{subsection.5.3.2}{Calculate\040Co2\040Equivalency}{section.5.3}% 88
\BOOKMARK [2][-]{subsection.5.3.3}{Calculate\040Means}{section.5.3}% 89
\BOOKMARK [2][-]{subsection.5.3.4}{Calculate\040Means\040and\040Totals\040Across\040Rows}{section.5.3}% 90
\BOOKMARK [2][-]{subsection.5.3.5}{Write\040Data\040to\040File}{section.5.3}% 91
\BOOKMARK [1][-]{section.5.4}{University\040of\040Malaysia\040Plots}{chapter.5}% 92
\BOOKMARK [2][-]{subsection.5.4.1}{University\040of\040Malaysia\040Bar\040Plot}{section.5.4}% 93
\BOOKMARK [2][-]{subsection.5.4.2}{University\040of\040Malaysia\040Density\040Plot}{section.5.4}% 94
\BOOKMARK [1][-]{section.5.5}{FAOSTAT\040Data}{chapter.5}% 95
\BOOKMARK [2][-]{subsection.5.5.1}{Print\040FAOSTAT\040Data}{section.5.5}% 96
\BOOKMARK [2][-]{subsection.5.5.2}{Change\040code\040to\040iso3_country}{section.5.5}% 97
\BOOKMARK [2][-]{subsection.5.5.3}{Set\040country_name\040total\040to\040total}{section.5.5}% 98
\BOOKMARK [2][-]{subsection.5.5.4}{Drop\040Fao\040Country\040Code}{section.5.5}% 99
\BOOKMARK [2][-]{subsection.5.5.5}{Calculate\040Co2\040Equivalency}{section.5.5}% 100
\BOOKMARK [2][-]{subsection.5.5.6}{Calculate\040Means}{section.5.5}% 101
\BOOKMARK [2][-]{subsection.5.5.7}{Calculate\040Means\040and\040Totals\040Across\040Rows}{section.5.5}% 102
\BOOKMARK [2][-]{subsection.5.5.8}{FAOSTAT\040Data\040to\040File}{section.5.5}% 103
\BOOKMARK [1][-]{section.5.6}{FaoSTAT\040PLOTS}{chapter.5}% 104
\BOOKMARK [2][-]{subsection.5.6.1}{FAOSTAT\040Hectare\040Estimates\040Bar\040Plot}{section.5.6}% 105
\BOOKMARK [2][-]{subsection.5.6.2}{FAOSTAT\040Density\040Plot}{section.5.6}% 106
\BOOKMARK [1][-]{section.5.7}{\376\377\000J\000o\000i\000n\000\040\000D\000f\040\031\000s\000\040\000b\000y\000\040\000I\000S\000O\0003\000\040\000C\000o\000u\000n\000t\000r\000y}{chapter.5}% 107
\BOOKMARK [2][-]{subsection.5.7.1}{Drop\040totals\040and\040means\040from\040the\040original\040df.}{section.5.7}% 108
\BOOKMARK [2][-]{subsection.5.7.2}{Dropping\0402020\040and\0402021\040from\040the\040data\040sets}{section.5.7}% 109
\BOOKMARK [2][-]{subsection.5.7.3}{Calculate\040difference\040in\040Ch4\040Tonnes\040Between\040the\040Estimates}{section.5.7}% 110
\BOOKMARK [2][-]{subsection.5.7.4}{Calculate\040difference\040in\040C02\040Tonnes\040Between\040the\040Estimates}{section.5.7}% 111
\BOOKMARK [2][-]{subsection.5.7.5}{Calculating\040the\040CH4\040Percent\040Differences\040Between\040the\040Estimates}{section.5.7}% 112
\BOOKMARK [2][-]{subsection.5.7.6}{Calculate\040CO2\040Differences}{section.5.7}% 113
\BOOKMARK [2][-]{subsection.5.7.7}{Recalculate\040Means}{section.5.7}% 114
\BOOKMARK [2][-]{subsection.5.7.8}{Recalculate\040Totals}{section.5.7}% 115
\BOOKMARK [2][-]{subsection.5.7.9}{Merged\040Data\040to\040File}{section.5.7}% 116
\BOOKMARK [2][-]{subsection.5.7.10}{CO2\040Difference\040Plots}{section.5.7}% 117
\BOOKMARK [2][-]{subsection.5.7.11}{Percent\040Difference\040Plot}{section.5.7}% 118
\BOOKMARK [1][-]{section.5.8}{Impressions}{chapter.5}% 119
\BOOKMARK [2][-]{subsection.5.8.1}{Initial}{section.5.8}% 120
\BOOKMARK [3][-]{subsubsection*.15}{Verified}{subsection.5.8.1}% 121
\BOOKMARK [0][-]{chapter.6}{Merging\040TRACE\040and\040FAOSTAT\040Data\040with\040Geographic\040Data\040for\040Mapping}{part.3}% 122
\BOOKMARK [1][-]{section.6.1}{Shape\040Data}{chapter.6}% 123
\BOOKMARK [1][-]{section.6.2}{FAOSTAT\040DATA}{chapter.6}% 124
\BOOKMARK [2][-]{subsection.6.2.1}{FAOSTAT\040Country\040Merge}{section.6.2}% 125
\BOOKMARK [2][-]{subsection.6.2.2}{FAOSTAT\040Merge\040to\040File}{section.6.2}% 126
\BOOKMARK [1][-]{section.6.3}{TRACE\040Data}{chapter.6}% 127
\BOOKMARK [2][-]{subsection.6.3.1}{TRACE\040Country\040Merge}{section.6.3}% 128
\BOOKMARK [2][-]{subsection.6.3.2}{Trace\040Merge\040to\040File}{section.6.3}% 129
\BOOKMARK [1][-]{section.6.4}{Merge\040GEO\040DATA}{chapter.6}% 130
\BOOKMARK [2][-]{subsection.6.4.1}{Merged\040Countries\040to\040File}{section.6.4}% 131
